{
  "stats": {
    "suites": 0,
    "tests": 1,
    "passes": 1,
    "pending": 0,
    "failures": 0,
    "start": "2022-05-06T13:43:35.901Z",
    "end": "2022-05-06T13:43:44.418Z",
    "duration": 8517,
    "testsRegistered": 1,
    "passPercent": 100,
    "pendingPercent": 0,
    "other": 0,
    "hasOther": false,
    "skipped": 0,
    "hasSkipped": false
  },
  "results": [
    {
      "uuid": "e5d260ac-2127-480b-b8ea-5e6a101bf353",
      "title": "",
      "fullFile": "cypress/integration/basic.ts",
      "file": "cypress/integration/basic.ts",
      "beforeHooks": [],
      "afterHooks": [],
      "tests": [
        {
          "title": "google test",
          "fullTitle": "google test",
          "timedOut": null,
          "duration": 6464,
          "state": "passed",
          "speed": "medium",
          "pass": true,
          "fail": false,
          "pending": false,
          "context": null,
          "code": "cy.visit('https://google.com');\ncy.get('#L2AGLb > .QS5gu').click();\ncy.get('[name=\"q\"]').type('automation step by step{enter}');",
          "err": {},
          "uuid": "06b514b1-9355-4e7b-9c76-a200ccb5da1f",
          "parentUUID": "e5d260ac-2127-480b-b8ea-5e6a101bf353",
          "isHook": false,
          "skipped": false
        }
      ],
      "suites": [],
      "passes": [
        "06b514b1-9355-4e7b-9c76-a200ccb5da1f"
      ],
      "failures": [],
      "pending": [],
      "skipped": [],
      "duration": 6464,
      "root": true,
      "rootEmpty": false,
      "_timeout": 2000
    }
  ],
  "meta": {
    "mocha": {
      "version": "7.0.1"
    },
    "mochawesome": {
      "options": {
        "quiet": false,
        "reportFilename": "mochawesome",
        "saveHtml": false,
        "saveJson": true,
        "consoleReporter": "spec",
        "useInlineDiffs": false,
        "code": true
      },
      "version": "7.1.3"
    },
    "marge": {
      "options": {
        "charts": true,
        "overwrite": false,
        "html": false,
        "json": true,
        "reportDir": "cypress/reports"
      },
      "version": "6.2.0"
    }
  }
}